<?xml version="1.0" encoding="UTF-8"?>
<!-- Generated by org.testng.reporters.JUnitXMLReporter -->
<testsuite ignored="0" hostname="DESKTOP-CJCE1FP" failures="0" tests="4" name="Default test" time="28.997" errors="0" timestamp="2025-04-08T14:17:44 IST">
  <testcase classname="com.ryanair.FlightSelectionTest" name="searchFlightTest" time="10.819"/>
  <testcase classname="com.ryanair.FlightSelectionTest" name="selectFlightTest" time="5.825"/>
  <testcase classname="com.ryanair.FlightSelectionTest" name="selectSeatTest" time="6.049"/>
  <testcase classname="com.ryanair.FlightSelectionTest" name="bagSelectionTest" time="0.393"/>
</testsuite> <!-- Default test -->
