<?xml version="1.0" encoding="UTF-8"?>
<!-- Generated by org.testng.reporters.JUnitXMLReporter -->
<testsuite ignored="0" hostname="DESKTOP-CJCE1FP" failures="0" tests="4" name="Linux-chrome" time="33.087" errors="0" timestamp="2025-04-10T16:59:48 IST">
  <testcase classname="com.ryanair.FlightSelectionTest" name="searchFlightTest" time="12.179"/>
  <testcase classname="com.ryanair.FlightSelectionTest" name="selectFlightTest" time="6.764"/>
  <testcase classname="com.ryanair.FlightSelectionTest" name="selectSeatTest" time="8.817"/>
  <testcase classname="com.ryanair.FlightSelectionTest" name="bagSelectionTest" time="0.32"/>
</testsuite> <!-- Linux-chrome -->
