<?xml version="1.0" encoding="UTF-8"?>
<!-- Generated by org.testng.reporters.JUnitXMLReporter -->
<testsuite ignored="0" hostname="DESKTOP-CJCE1FP" failures="0" tests="4" name="Linux-firefox" time="40.27" errors="0" timestamp="2025-04-10T16:59:54 IST">
  <testcase classname="com.ryanair.FlightSelectionTest" name="searchFlightTest" time="13.707"/>
  <testcase classname="com.ryanair.FlightSelectionTest" name="selectFlightTest" time="8.085"/>
  <testcase classname="com.ryanair.FlightSelectionTest" name="selectSeatTest" time="7.05"/>
  <testcase classname="com.ryanair.FlightSelectionTest" name="bagSelectionTest" time="0.65"/>
</testsuite> <!-- Linux-firefox -->
