<?xml version="1.0" encoding="UTF-8"?>
<!-- Generated by org.testng.reporters.JUnitXMLReporter -->
<testsuite ignored="0" hostname="DESKTOP-CJCE1FP" failures="0" tests="4" name="Linux-firefox" time="57.574" errors="0" timestamp="2025-04-08T14:42:36 IST">
  <testcase classname="com.ryanair.FlightSelectionTest" name="searchFlightTest" time="28.244"/>
  <testcase classname="com.ryanair.FlightSelectionTest" name="selectFlightTest" time="6.539"/>
  <testcase classname="com.ryanair.FlightSelectionTest" name="selectSeatTest" time="7.373"/>
  <testcase classname="com.ryanair.FlightSelectionTest" name="bagSelectionTest" time="0.519"/>
</testsuite> <!-- Linux-firefox -->
