<?xml version="1.0" encoding="UTF-8"?>
<!-- Generated by org.testng.reporters.JUnitXMLReporter -->
<testsuite ignored="0" hostname="DESKTOP-CJCE1FP" failures="0" tests="4" name="Linux-chrome" time="61.948" errors="0" timestamp="2025-04-08T14:42:40 IST">
  <testcase classname="com.ryanair.FlightSelectionTest" name="searchFlightTest" time="21.001"/>
  <testcase classname="com.ryanair.FlightSelectionTest" name="selectFlightTest" time="17.199"/>
  <testcase classname="com.ryanair.FlightSelectionTest" name="selectSeatTest" time="16.437"/>
  <testcase classname="com.ryanair.FlightSelectionTest" name="bagSelectionTest" time="0.394"/>
</testsuite> <!-- Linux-chrome -->
