<?xml version="1.0" encoding="UTF-8"?>
<!-- Generated by org.testng.reporters.JUnitXMLReporter -->
<testsuite ignored="0" hostname="DESKTOP-CJCE1FP" failures="0" tests="4" name="Test" time="25.699" errors="0" timestamp="2025-04-06T16:38:41 IST">
  <testcase classname="com.genesys.genesysproject.FlightSelectionTest" name="searchFlightTest" time="9.49"/>
  <testcase classname="com.genesys.genesysproject.FlightSelectionTest" name="selectFlightTest" time="5.123"/>
  <testcase classname="com.genesys.genesysproject.FlightSelectionTest" name="selectSeatTest" time="4.617"/>
  <testcase classname="com.genesys.genesysproject.FlightSelectionTest" name="bagSelectionTest" time="0.702"/>
</testsuite> <!-- Test -->
