<?xml version="1.0" encoding="UTF-8"?>
<!-- Generated by org.testng.reporters.JUnitXMLReporter -->
<testsuite ignored="0" hostname="DESKTOP-CJCE1FP" failures="0" tests="4" name="Linux-chrome" time="44.582" errors="0" timestamp="2025-04-08T14:44:20 IST">
  <testcase classname="com.ryanair.FlightSelectionTest" name="searchFlightTest" time="18.532"/>
  <testcase classname="com.ryanair.FlightSelectionTest" name="selectFlightTest" time="8.807"/>
  <testcase classname="com.ryanair.FlightSelectionTest" name="selectSeatTest" time="9.402"/>
  <testcase classname="com.ryanair.FlightSelectionTest" name="bagSelectionTest" time="0.553"/>
</testsuite> <!-- Linux-chrome -->
