<?xml version="1.0" encoding="UTF-8"?>
<!-- Generated by org.testng.reporters.JUnitXMLReporter -->
<testsuite ignored="0" hostname="DESKTOP-CJCE1FP" failures="0" tests="4" name="Linux-firefox" time="50.16" errors="0" timestamp="2025-04-08T14:44:25 IST">
  <testcase classname="com.ryanair.FlightSelectionTest" name="searchFlightTest" time="18.791"/>
  <testcase classname="com.ryanair.FlightSelectionTest" name="selectFlightTest" time="7.407"/>
  <testcase classname="com.ryanair.FlightSelectionTest" name="selectSeatTest" time="8.484"/>
  <testcase classname="com.ryanair.FlightSelectionTest" name="bagSelectionTest" time="0.537"/>
</testsuite> <!-- Linux-firefox -->
