<?xml version="1.0" encoding="UTF-8"?>
<testng-results ignored="0" total="8" passed="8" failed="0" skipped="0">
  <reporter-output>
  </reporter-output>
  <suite started-at="2025-04-08T14:43:35 IST" name="Suite" finished-at="2025-04-08T14:44:25 IST" duration-ms="50160">
    <groups>
    </groups>
    <test started-at="2025-04-08T14:43:35 IST" name="Linux-chrome" finished-at="2025-04-08T14:44:19 IST" duration-ms="44582">
      <class name="com.ryanair.FlightSelectionTest">
        <test-method is-config="true" signature="setup(java.lang.String,java.lang.String)[pri:0, instance:com.ryanair.FlightSelectionTest@10a9d961]" started-at="2025-04-08T14:43:35 IST" name="setup" finished-at="2025-04-08T14:43:41 IST" duration-ms="6388" status="PASS">
          <params>
            <param index="0">
              <value>
                <![CDATA[Linux]]>
              </value>
            </param>
            <param index="1">
              <value>
                <![CDATA[chrome]]>
              </value>
            </param>
          </params>
          <reporter-output>
          </reporter-output>
        </test-method> <!-- setup -->
        <test-method signature="searchFlightTest()[pri:0, instance:com.ryanair.FlightSelectionTest@10a9d961]" started-at="2025-04-08T14:43:42 IST" name="searchFlightTest" finished-at="2025-04-08T14:44:00 IST" duration-ms="18532" status="PASS">
          <reporter-output>
          </reporter-output>
        </test-method> <!-- searchFlightTest -->
        <test-method signature="selectFlightTest()[pri:0, instance:com.ryanair.FlightSelectionTest@10a9d961]" started-at="2025-04-08T14:44:00 IST" name="selectFlightTest" finished-at="2025-04-08T14:44:09 IST" depends-on-methods="com.ryanair.FlightSelectionTest.searchFlightTest" duration-ms="8807" status="PASS">
          <reporter-output>
          </reporter-output>
        </test-method> <!-- selectFlightTest -->
        <test-method signature="selectSeatTest()[pri:0, instance:com.ryanair.FlightSelectionTest@10a9d961]" started-at="2025-04-08T14:44:09 IST" name="selectSeatTest" finished-at="2025-04-08T14:44:18 IST" depends-on-methods="com.ryanair.FlightSelectionTest.selectFlightTest" duration-ms="9402" status="PASS">
          <reporter-output>
          </reporter-output>
        </test-method> <!-- selectSeatTest -->
        <test-method signature="bagSelectionTest()[pri:0, instance:com.ryanair.FlightSelectionTest@10a9d961]" started-at="2025-04-08T14:44:18 IST" name="bagSelectionTest" finished-at="2025-04-08T14:44:19 IST" depends-on-methods="com.ryanair.FlightSelectionTest.selectSeatTest" duration-ms="553" status="PASS">
          <reporter-output>
          </reporter-output>
        </test-method> <!-- bagSelectionTest -->
        <test-method is-config="true" signature="tearDown()[pri:0, instance:com.ryanair.FlightSelectionTest@10a9d961]" started-at="2025-04-08T14:44:19 IST" name="tearDown" finished-at="2025-04-08T14:44:19 IST" duration-ms="455" status="PASS">
          <reporter-output>
          </reporter-output>
        </test-method> <!-- tearDown -->
      </class> <!-- com.ryanair.FlightSelectionTest -->
    </test> <!-- Linux-chrome -->
    <test started-at="2025-04-08T14:43:35 IST" name="Linux-firefox" finished-at="2025-04-08T14:44:25 IST" duration-ms="50160">
      <class name="com.ryanair.FlightSelectionTest">
        <test-method is-config="true" signature="setup(java.lang.String,java.lang.String)[pri:0, instance:com.ryanair.FlightSelectionTest@77102b91]" started-at="2025-04-08T14:43:35 IST" name="setup" finished-at="2025-04-08T14:43:48 IST" duration-ms="12816" status="PASS">
          <params>
            <param index="0">
              <value>
                <![CDATA[Linux]]>
              </value>
            </param>
            <param index="1">
              <value>
                <![CDATA[firefox]]>
              </value>
            </param>
          </params>
          <reporter-output>
          </reporter-output>
        </test-method> <!-- setup -->
        <test-method signature="searchFlightTest()[pri:0, instance:com.ryanair.FlightSelectionTest@77102b91]" started-at="2025-04-08T14:43:48 IST" name="searchFlightTest" finished-at="2025-04-08T14:44:07 IST" duration-ms="18791" status="PASS">
          <reporter-output>
          </reporter-output>
        </test-method> <!-- searchFlightTest -->
        <test-method signature="selectFlightTest()[pri:0, instance:com.ryanair.FlightSelectionTest@77102b91]" started-at="2025-04-08T14:44:07 IST" name="selectFlightTest" finished-at="2025-04-08T14:44:14 IST" depends-on-methods="com.ryanair.FlightSelectionTest.searchFlightTest" duration-ms="7407" status="PASS">
          <reporter-output>
          </reporter-output>
        </test-method> <!-- selectFlightTest -->
        <test-method signature="selectSeatTest()[pri:0, instance:com.ryanair.FlightSelectionTest@77102b91]" started-at="2025-04-08T14:44:14 IST" name="selectSeatTest" finished-at="2025-04-08T14:44:23 IST" depends-on-methods="com.ryanair.FlightSelectionTest.selectFlightTest" duration-ms="8484" status="PASS">
          <reporter-output>
          </reporter-output>
        </test-method> <!-- selectSeatTest -->
        <test-method signature="bagSelectionTest()[pri:0, instance:com.ryanair.FlightSelectionTest@77102b91]" started-at="2025-04-08T14:44:23 IST" name="bagSelectionTest" finished-at="2025-04-08T14:44:23 IST" depends-on-methods="com.ryanair.FlightSelectionTest.selectSeatTest" duration-ms="537" status="PASS">
          <reporter-output>
          </reporter-output>
        </test-method> <!-- bagSelectionTest -->
        <test-method is-config="true" signature="tearDown()[pri:0, instance:com.ryanair.FlightSelectionTest@77102b91]" started-at="2025-04-08T14:44:23 IST" name="tearDown" finished-at="2025-04-08T14:44:25 IST" duration-ms="1863" status="PASS">
          <reporter-output>
          </reporter-output>
        </test-method> <!-- tearDown -->
      </class> <!-- com.ryanair.FlightSelectionTest -->
    </test> <!-- Linux-firefox -->
  </suite> <!-- Suite -->
</testng-results>
