<?xml version="1.0" encoding="UTF-8"?>
<testsuite xmlns:xsi="http://www.w3.org/2001/XMLSchema-instance" xsi:noNamespaceSchemaLocation="https://maven.apache.org/surefire/maven-surefire-plugin/xsd/surefire-test-report.xsd" name="TestSuite" time="51.43" tests="8" errors="0" skipped="0" failures="0">
  <properties>
[...]
</properties>
  <testcase name="searchFlightTest" classname="com.ryanair.FlightSelectionTest" time="12.267"/>
  <testcase name="searchFlightTest" classname="com.ryanair.FlightSelectionTest" time="6.517"/>
  <testcase name="selectFlightTest" classname="com.ryanair.FlightSelectionTest" time="2.285"/>
  <testcase name="selectFlightTest" classname="com.ryanair.FlightSelectionTest" time="5.099"/>
  <testcase name="selectSeatTest" classname="com.ryanair.FlightSelectionTest" time="4.298"/>
  <testcase name="selectSeatTest" classname="com.ryanair.FlightSelectionTest" time="4.186"/>
  <testcase name="bagSelectionTest" classname="com.ryanair.FlightSelectionTest" time="0.552"/>
  <testcase name="bagSelectionTest" classname="com.ryanair.FlightSelectionTest" time="0.537"/>
</testsuite>