<?xml version="1.0" encoding="UTF-8"?>
<testng-results ignored="0" total="8" passed="8" failed="0" skipped="0">
  <reporter-output>
  </reporter-output>
  <suite started-at="2025-04-10T16:59:14 IST" name="Suite" finished-at="2025-04-10T16:59:54 IST" duration-ms="40270">
    <groups>
    </groups>
    <test started-at="2025-04-10T16:59:14 IST" name="Linux-chrome" finished-at="2025-04-10T16:59:47 IST" duration-ms="33087">
      <class name="com.ryanair.FlightSelectionTest">
        <test-method is-config="true" signature="setup(java.lang.String,java.lang.String)[pri:0, instance:com.ryanair.FlightSelectionTest@2a76840c]" started-at="2025-04-10T16:59:14 IST" name="setup" finished-at="2025-04-10T16:59:18 IST" duration-ms="4103" status="PASS">
          <params>
            <param index="0">
              <value>
                <![CDATA[Linux]]>
              </value>
            </param>
            <param index="1">
              <value>
                <![CDATA[chrome]]>
              </value>
            </param>
          </params>
          <reporter-output>
          </reporter-output>
        </test-method> <!-- setup -->
        <test-method signature="searchFlightTest()[pri:0, instance:com.ryanair.FlightSelectionTest@2a76840c]" started-at="2025-04-10T16:59:18 IST" name="searchFlightTest" finished-at="2025-04-10T16:59:30 IST" duration-ms="12179" status="PASS">
          <reporter-output>
          </reporter-output>
        </test-method> <!-- searchFlightTest -->
        <test-method signature="selectFlightTest()[pri:0, instance:com.ryanair.FlightSelectionTest@2a76840c]" started-at="2025-04-10T16:59:30 IST" name="selectFlightTest" finished-at="2025-04-10T16:59:37 IST" depends-on-methods="com.ryanair.FlightSelectionTest.searchFlightTest" duration-ms="6764" status="PASS">
          <reporter-output>
          </reporter-output>
        </test-method> <!-- selectFlightTest -->
        <test-method signature="selectSeatTest()[pri:0, instance:com.ryanair.FlightSelectionTest@2a76840c]" started-at="2025-04-10T16:59:37 IST" name="selectSeatTest" finished-at="2025-04-10T16:59:46 IST" depends-on-methods="com.ryanair.FlightSelectionTest.selectFlightTest" duration-ms="8817" status="PASS">
          <reporter-output>
          </reporter-output>
        </test-method> <!-- selectSeatTest -->
        <test-method signature="bagSelectionTest()[pri:0, instance:com.ryanair.FlightSelectionTest@2a76840c]" started-at="2025-04-10T16:59:46 IST" name="bagSelectionTest" finished-at="2025-04-10T16:59:46 IST" depends-on-methods="com.ryanair.FlightSelectionTest.selectSeatTest" duration-ms="320" status="PASS">
          <reporter-output>
          </reporter-output>
        </test-method> <!-- bagSelectionTest -->
        <test-method is-config="true" signature="tearDown()[pri:0, instance:com.ryanair.FlightSelectionTest@2a76840c]" started-at="2025-04-10T16:59:46 IST" name="tearDown" finished-at="2025-04-10T16:59:47 IST" duration-ms="541" status="PASS">
          <reporter-output>
          </reporter-output>
        </test-method> <!-- tearDown -->
      </class> <!-- com.ryanair.FlightSelectionTest -->
    </test> <!-- Linux-chrome -->
    <test started-at="2025-04-10T16:59:14 IST" name="Linux-firefox" finished-at="2025-04-10T16:59:54 IST" duration-ms="40270">
      <class name="com.ryanair.FlightSelectionTest">
        <test-method is-config="true" signature="setup(java.lang.String,java.lang.String)[pri:0, instance:com.ryanair.FlightSelectionTest@9ef8eb7]" started-at="2025-04-10T16:59:14 IST" name="setup" finished-at="2025-04-10T16:59:23 IST" duration-ms="9234" status="PASS">
          <params>
            <param index="0">
              <value>
                <![CDATA[Linux]]>
              </value>
            </param>
            <param index="1">
              <value>
                <![CDATA[firefox]]>
              </value>
            </param>
          </params>
          <reporter-output>
          </reporter-output>
        </test-method> <!-- setup -->
        <test-method signature="searchFlightTest()[pri:0, instance:com.ryanair.FlightSelectionTest@9ef8eb7]" started-at="2025-04-10T16:59:23 IST" name="searchFlightTest" finished-at="2025-04-10T16:59:37 IST" duration-ms="13707" status="PASS">
          <reporter-output>
          </reporter-output>
        </test-method> <!-- searchFlightTest -->
        <test-method signature="selectFlightTest()[pri:0, instance:com.ryanair.FlightSelectionTest@9ef8eb7]" started-at="2025-04-10T16:59:37 IST" name="selectFlightTest" finished-at="2025-04-10T16:59:45 IST" depends-on-methods="com.ryanair.FlightSelectionTest.searchFlightTest" duration-ms="8085" status="PASS">
          <reporter-output>
          </reporter-output>
        </test-method> <!-- selectFlightTest -->
        <test-method signature="selectSeatTest()[pri:0, instance:com.ryanair.FlightSelectionTest@9ef8eb7]" started-at="2025-04-10T16:59:45 IST" name="selectSeatTest" finished-at="2025-04-10T16:59:52 IST" depends-on-methods="com.ryanair.FlightSelectionTest.selectFlightTest" duration-ms="7050" status="PASS">
          <reporter-output>
          </reporter-output>
        </test-method> <!-- selectSeatTest -->
        <test-method signature="bagSelectionTest()[pri:0, instance:com.ryanair.FlightSelectionTest@9ef8eb7]" started-at="2025-04-10T16:59:52 IST" name="bagSelectionTest" finished-at="2025-04-10T16:59:53 IST" depends-on-methods="com.ryanair.FlightSelectionTest.selectSeatTest" duration-ms="650" status="PASS">
          <reporter-output>
          </reporter-output>
        </test-method> <!-- bagSelectionTest -->
        <test-method is-config="true" signature="tearDown()[pri:0, instance:com.ryanair.FlightSelectionTest@9ef8eb7]" started-at="2025-04-10T16:59:53 IST" name="tearDown" finished-at="2025-04-10T16:59:54 IST" duration-ms="1265" status="PASS">
          <reporter-output>
          </reporter-output>
        </test-method> <!-- tearDown -->
      </class> <!-- com.ryanair.FlightSelectionTest -->
    </test> <!-- Linux-firefox -->
  </suite> <!-- Suite -->
</testng-results>
